{"numTotalTestSuites":50,"numPassedTestSuites":7,"numFailedTestSuites":43,"numPendingTestSuites":0,"numTotalTests":66,"numPassedTests":42,"numFailedTests":24,"numPendingTests":0,"numTodoTests":0,"snapshot":{"added":0,"failure":false,"filesAdded":0,"filesRemoved":0,"filesRemovedList":[],"filesUnmatched":1,"filesUpdated":0,"matched":0,"total":1,"unchecked":0,"uncheckedKeysByFile":[],"unmatched":1,"updated":0,"didUpdate":false},"startTime":1746647752623,"success":false,"testResults":[{"assertionResults":[],"startTime":1746647752623,"endTime":1746647752623,"status":"failed","message":"Cannot find module './aboutModal' imported from 'C:/Users/Nick/Dropbox/PC (2)/Documents/GitHub/FitFileViewer/electron-app/tests/aboutModal.test.js'","name":"C:/Users/Nick/Dropbox/PC (2)/Documents/GitHub/FitFileViewer/electron-app/tests/aboutModal.test.js"},{"assertionResults":[],"startTime":1746647752623,"endTime":1746647752623,"status":"failed","message":"describe is not defined","name":"C:/Users/Nick/Dropbox/PC (2)/Documents/GitHub/FitFileViewer/electron-app/tests/addExitFullscreenOverlay.test.js"},{"assertionResults":[],"startTime":1746647752623,"endTime":1746647752623,"status":"failed","message":"window is not defined","name":"C:/Users/Nick/Dropbox/PC (2)/Documents/GitHub/FitFileViewer/electron-app/tests/addFullScreenButton.test.js"},{"assertionResults":[],"startTime":1746647752623,"endTime":1746647752623,"status":"failed","message":"describe is not defined","name":"C:/Users/Nick/Dropbox/PC (2)/Documents/GitHub/FitFileViewer/electron-app/tests/arrayBufferToBase64.test.js"},{"assertionResults":[],"startTime":1746647752623,"endTime":1746647752623,"status":"failed","message":"describe is not defined","name":"C:/Users/Nick/Dropbox/PC (2)/Documents/GitHub/FitFileViewer/electron-app/tests/getActiveTabContent.test.js"},{"assertionResults":[],"startTime":1746647752623,"endTime":1746647752623,"status":"failed","message":"describe is not defined","name":"C:/Users/Nick/Dropbox/PC (2)/Documents/GitHub/FitFileViewer/electron-app/tests/mapMeasureTool.test.js"},{"assertionResults":[],"startTime":1746647752623,"endTime":1746647752623,"status":"failed","message":"describe is not defined","name":"C:/Users/Nick/Dropbox/PC (2)/Documents/GitHub/FitFileViewer/electron-app/tests/patchSummaryFields.test.js"},{"assertionResults":[],"startTime":1746647752623,"endTime":1746647752623,"status":"failed","message":"describe is not defined","name":"C:/Users/Nick/Dropbox/PC (2)/Documents/GitHub/FitFileViewer/electron-app/tests/recentFiles.test.js"},{"assertionResults":[],"startTime":1746647752623,"endTime":1746647752623,"status":"failed","message":"describe is not defined","name":"C:/Users/Nick/Dropbox/PC (2)/Documents/GitHub/FitFileViewer/electron-app/tests/removeExitFullscreenOverlay.test.js"},{"assertionResults":[],"startTime":1746647752623,"endTime":1746647752623,"status":"failed","message":"describe is not defined","name":"C:/Users/Nick/Dropbox/PC (2)/Documents/GitHub/FitFileViewer/electron-app/tests/renderChart.test.js"},{"assertionResults":[],"startTime":1746647752623,"endTime":1746647752623,"status":"failed","message":"describe is not defined","name":"C:/Users/Nick/Dropbox/PC (2)/Documents/GitHub/FitFileViewer/electron-app/tests/rendererUtils.test.js"},{"assertionResults":[],"startTime":1746647752623,"endTime":1746647752623,"status":"failed","message":"window is not defined","name":"C:/Users/Nick/Dropbox/PC (2)/Documents/GitHub/FitFileViewer/electron-app/tests/renderMap.test.js"},{"assertionResults":[],"startTime":1746647752623,"endTime":1746647752623,"status":"failed","message":"describe is not defined","name":"C:/Users/Nick/Dropbox/PC (2)/Documents/GitHub/FitFileViewer/electron-app/tests/renderSummary.test.js"},{"assertionResults":[],"startTime":1746647752623,"endTime":1746647752623,"status":"failed","message":"describe is not defined","name":"C:/Users/Nick/Dropbox/PC (2)/Documents/GitHub/FitFileViewer/electron-app/tests/renderSummaryHelpers.test.js"},{"assertionResults":[],"startTime":1746647752623,"endTime":1746647752623,"status":"failed","message":"describe is not defined","name":"C:/Users/Nick/Dropbox/PC (2)/Documents/GitHub/FitFileViewer/electron-app/tests/renderTable.test.js"},{"assertionResults":[],"startTime":1746647752623,"endTime":1746647752623,"status":"failed","message":"describe is not defined","name":"C:/Users/Nick/Dropbox/PC (2)/Documents/GitHub/FitFileViewer/electron-app/tests/setActiveTab.test.js"},{"assertionResults":[],"startTime":1746647752623,"endTime":1746647752623,"status":"failed","message":"describe is not defined","name":"C:/Users/Nick/Dropbox/PC (2)/Documents/GitHub/FitFileViewer/electron-app/tests/setupTabButton.test.js"},{"assertionResults":[],"startTime":1746647752623,"endTime":1746647752623,"status":"failed","message":"describe is not defined","name":"C:/Users/Nick/Dropbox/PC (2)/Documents/GitHub/FitFileViewer/electron-app/tests/setupTheme.test.js"},{"assertionResults":[],"startTime":1746647752623,"endTime":1746647752623,"status":"failed","message":"describe is not defined","name":"C:/Users/Nick/Dropbox/PC (2)/Documents/GitHub/FitFileViewer/electron-app/tests/setupWindow.test.js"},{"assertionResults":[],"startTime":1746647752623,"endTime":1746647752623,"status":"failed","message":"describe is not defined","name":"C:/Users/Nick/Dropbox/PC (2)/Documents/GitHub/FitFileViewer/electron-app/tests/showFitData.test.js"},{"assertionResults":[],"startTime":1746647752623,"endTime":1746647752623,"status":"failed","message":"describe is not defined","name":"C:/Users/Nick/Dropbox/PC (2)/Documents/GitHub/FitFileViewer/electron-app/tests/showNotification.test.js"},{"assertionResults":[],"startTime":1746647752623,"endTime":1746647752623,"status":"failed","message":"describe is not defined","name":"C:/Users/Nick/Dropbox/PC (2)/Documents/GitHub/FitFileViewer/electron-app/tests/showUpdateNotification.test.js"},{"assertionResults":[],"startTime":1746647752623,"endTime":1746647752623,"status":"failed","message":"describe is not defined","name":"C:/Users/Nick/Dropbox/PC (2)/Documents/GitHub/FitFileViewer/electron-app/tests/theme.test.js"},{"assertionResults":[],"startTime":1746647752623,"endTime":1746647752623,"status":"failed","message":"describe is not defined","name":"C:/Users/Nick/Dropbox/PC (2)/Documents/GitHub/FitFileViewer/electron-app/tests/toggleTabVisibility.test.js"},{"assertionResults":[],"startTime":1746647752623,"endTime":1746647752623,"status":"failed","message":"window is not defined","name":"C:/Users/Nick/Dropbox/PC (2)/Documents/GitHub/FitFileViewer/electron-app/tests/updateMapTheme.test.js"},{"assertionResults":[{"ancestorTitles":[],"fullName":"returns a gpx file","status":"failed","title":"returns a gpx file","duration":10.45070000000004,"failureMessages":["Error: Snapshot `returns a gpx file 1` mismatched\n    at createMismatchError (file:///C:/Users/Nick/AppData/Local/npm-cache/_npx/69c381f8ad94b576/node_modules/@vitest/snapshot/dist/index.js:2120:16)\n    at SnapshotClient.assert (file:///C:/Users/Nick/AppData/Local/npm-cache/_npx/69c381f8ad94b576/node_modules/@vitest/snapshot/dist/index.js:2203:10)\n    at Proxy.<anonymous> (file:///C:/Users/Nick/AppData/Local/npm-cache/_npx/69c381f8ad94b576/node_modules/vitest/dist/chunks/vi.ClIskdbk.js:322:24)\n    at Proxy.methodWrapper (file:///C:/Users/Nick/AppData/Local/npm-cache/_npx/69c381f8ad94b576/node_modules/chai/chai.js:1618:25)\n    at C:\\Users\\Nick\\Dropbox\\PC (2)\\Documents\\GitHub\\FitFileViewer\\electron-app\\libs\\zwiftmap-main\\frontend\\src\\services\\gpx.spec.ts:10:18\n    at file:///C:/Users/Nick/AppData/Local/npm-cache/_npx/69c381f8ad94b576/node_modules/@vitest/runner/dist/index.js:103:11\n    at file:///C:/Users/Nick/AppData/Local/npm-cache/_npx/69c381f8ad94b576/node_modules/@vitest/runner/dist/index.js:596:26\n    at file:///C:/Users/Nick/AppData/Local/npm-cache/_npx/69c381f8ad94b576/node_modules/@vitest/runner/dist/index.js:879:20\n    at new Promise (<anonymous>)\n    at runWithTimeout (file:///C:/Users/Nick/AppData/Local/npm-cache/_npx/69c381f8ad94b576/node_modules/@vitest/runner/dist/index.js:852:10)"],"meta":{}}],"startTime":1746647753431,"endTime":1746647753441.4507,"status":"failed","message":"","name":"C:/Users/Nick/Dropbox/PC (2)/Documents/GitHub/FitFileViewer/electron-app/libs/zwiftmap-main/frontend/src/services/gpx.spec.ts"},{"assertionResults":[{"ancestorTitles":["getSectionsFromIntervals"],"fullName":"getSectionsFromIntervals returns single section if no intervals are passed","status":"passed","title":"returns single section if no intervals are passed","duration":2.4454999999999814,"failureMessages":[],"meta":{}},{"ancestorTitles":["getSectionsFromIntervals"],"fullName":"getSectionsFromIntervals returns sections for interval at end","status":"passed","title":"returns sections for interval at end","duration":0.9202000000000226,"failureMessages":[],"meta":{}},{"ancestorTitles":["getSectionsFromIntervals"],"fullName":"getSectionsFromIntervals returns sections for interval at start","status":"passed","title":"returns sections for interval at start","duration":0.5125000000000455,"failureMessages":[],"meta":{}},{"ancestorTitles":["getSectionsFromIntervals"],"fullName":"getSectionsFromIntervals returns sections for interval in middle","status":"passed","title":"returns sections for interval in middle","duration":0.6261000000000081,"failureMessages":[],"meta":{}},{"ancestorTitles":["getSectionsFromIntervals"],"fullName":"getSectionsFromIntervals returns sections for multiple intervals","status":"passed","title":"returns sections for multiple intervals","duration":0.7869000000000028,"failureMessages":[],"meta":{}}],"startTime":1746647753133,"endTime":1746647753138.7869,"status":"passed","message":"","name":"C:/Users/Nick/Dropbox/PC (2)/Documents/GitHub/FitFileViewer/electron-app/libs/zwiftmap-main/frontend/src/util/sections.spec.ts"},{"assertionResults":[{"ancestorTitles":["ensure bounds are topleft and bottomright","initial bounds"],"fullName":"ensure bounds are topleft and bottomright initial bounds bologna","status":"passed","title":"bologna","duration":0.9571000000000254,"failureMessages":[],"meta":{}},{"ancestorTitles":["ensure bounds are topleft and bottomright","initial bounds"],"fullName":"ensure bounds are topleft and bottomright initial bounds crit-city","status":"passed","title":"crit-city","duration":0.13049999999998363,"failureMessages":[],"meta":{}},{"ancestorTitles":["ensure bounds are topleft and bottomright","initial bounds"],"fullName":"ensure bounds are topleft and bottomright initial bounds france","status":"passed","title":"france","duration":0.0736999999999739,"failureMessages":[],"meta":{}},{"ancestorTitles":["ensure bounds are topleft and bottomright","initial bounds"],"fullName":"ensure bounds are topleft and bottomright initial bounds innsbruck","status":"passed","title":"innsbruck","duration":0.102800000000002,"failureMessages":[],"meta":{}},{"ancestorTitles":["ensure bounds are topleft and bottomright","initial bounds"],"fullName":"ensure bounds are topleft and bottomright initial bounds london","status":"passed","title":"london","duration":0.06309999999996307,"failureMessages":[],"meta":{}},{"ancestorTitles":["ensure bounds are topleft and bottomright","initial bounds"],"fullName":"ensure bounds are topleft and bottomright initial bounds makuri-islands","status":"passed","title":"makuri-islands","duration":0.0724999999999909,"failureMessages":[],"meta":{}},{"ancestorTitles":["ensure bounds are topleft and bottomright","initial bounds"],"fullName":"ensure bounds are topleft and bottomright initial bounds new-york","status":"passed","title":"new-york","duration":0.05299999999999727,"failureMessages":[],"meta":{}},{"ancestorTitles":["ensure bounds are topleft and bottomright","initial bounds"],"fullName":"ensure bounds are topleft and bottomright initial bounds paris","status":"passed","title":"paris","duration":0.0402000000000271,"failureMessages":[],"meta":{}},{"ancestorTitles":["ensure bounds are topleft and bottomright","initial bounds"],"fullName":"ensure bounds are topleft and bottomright initial bounds richmond","status":"passed","title":"richmond","duration":0.18429999999995061,"failureMessages":[],"meta":{}},{"ancestorTitles":["ensure bounds are topleft and bottomright","initial bounds"],"fullName":"ensure bounds are topleft and bottomright initial bounds scotland","status":"failed","title":"scotland","duration":3.0581999999999994,"failureMessages":["AssertionError: expected 55.635388 to be greater than or equal to 55.659061\n    at C:\\Users\\Nick\\Dropbox\\PC (2)\\Documents\\GitHub\\FitFileViewer\\electron-app\\libs\\zwiftmap-main\\frontend\\src\\constants\\worldConfigs\\index.spec.ts:8:49\n    at file:///C:/Users/Nick/AppData/Local/npm-cache/_npx/69c381f8ad94b576/node_modules/@vitest/runner/dist/index.js:103:11\n    at file:///C:/Users/Nick/AppData/Local/npm-cache/_npx/69c381f8ad94b576/node_modules/@vitest/runner/dist/index.js:596:26\n    at file:///C:/Users/Nick/AppData/Local/npm-cache/_npx/69c381f8ad94b576/node_modules/@vitest/runner/dist/index.js:879:20\n    at new Promise (<anonymous>)\n    at runWithTimeout (file:///C:/Users/Nick/AppData/Local/npm-cache/_npx/69c381f8ad94b576/node_modules/@vitest/runner/dist/index.js:852:10)\n    at runTest (file:///C:/Users/Nick/AppData/Local/npm-cache/_npx/69c381f8ad94b576/node_modules/@vitest/runner/dist/index.js:1360:12)\n    at processTicksAndRejections (node:internal/process/task_queues:105:5)\n    at runSuite (file:///C:/Users/Nick/AppData/Local/npm-cache/_npx/69c381f8ad94b576/node_modules/@vitest/runner/dist/index.js:1507:8)\n    at runSuite (file:///C:/Users/Nick/AppData/Local/npm-cache/_npx/69c381f8ad94b576/node_modules/@vitest/runner/dist/index.js:1507:8)"],"meta":{}},{"ancestorTitles":["ensure bounds are topleft and bottomright","initial bounds"],"fullName":"ensure bounds are topleft and bottomright initial bounds watopia","status":"passed","title":"watopia","duration":0.10640000000000782,"failureMessages":[],"meta":{}},{"ancestorTitles":["ensure bounds are topleft and bottomright","initial bounds"],"fullName":"ensure bounds are topleft and bottomright initial bounds yorkshire","status":"passed","title":"yorkshire","duration":0.06619999999998072,"failureMessages":[],"meta":{}}],"startTime":1746647753523,"endTime":1746647753528.1064,"status":"failed","message":"","name":"C:/Users/Nick/Dropbox/PC (2)/Documents/GitHub/FitFileViewer/electron-app/libs/zwiftmap-main/frontend/src/constants/worldConfigs/index.spec.ts"},{"assertionResults":[{"ancestorTitles":[],"fullName":"default","status":"passed","title":"default","duration":1.4612999999999943,"failureMessages":[],"meta":{}},{"ancestorTitles":["route"],"fullName":"route without segments","status":"passed","title":"without segments","duration":0.17840000000001055,"failureMessages":[],"meta":{}},{"ancestorTitles":["route"],"fullName":"route with segments","status":"passed","title":"with segments","duration":0.26700000000005275,"failureMessages":[],"meta":{}},{"ancestorTitles":[],"fullName":"strava-activities","status":"passed","title":"strava-activities","duration":0.2863999999999578,"failureMessages":[],"meta":{}},{"ancestorTitles":[],"fullName":"strava-activity","status":"passed","title":"strava-activity","duration":0.109800000000007,"failureMessages":[],"meta":{}},{"ancestorTitles":[],"fullName":"events","status":"passed","title":"events","duration":0.16079999999999472,"failureMessages":[],"meta":{}},{"ancestorTitles":[],"fullName":"event","status":"passed","title":"event","duration":0.32859999999999445,"failureMessages":[],"meta":{}}],"startTime":1746647753127,"endTime":1746647753130.3286,"status":"passed","message":"","name":"C:/Users/Nick/Dropbox/PC (2)/Documents/GitHub/FitFileViewer/electron-app/libs/zwiftmap-main/frontend/src/services/location-state/createUrl.spec.ts"},{"assertionResults":[{"ancestorTitles":["default","current"],"fullName":"default current valid world","status":"failed","title":"valid world","duration":4.8115999999999985,"failureMessages":["ReferenceError: window is not defined\n    at getLocationStateFromUrl (C:\\Users\\Nick\\Dropbox\\PC (2)\\Documents\\GitHub\\FitFileViewer\\electron-app\\libs\\zwiftmap-main\\frontend\\src\\services\\location-state\\getLocationStateFromUrl.ts:317:5)\n    at C:\\Users\\Nick\\Dropbox\\PC (2)\\Documents\\GitHub\\FitFileViewer\\electron-app\\libs\\zwiftmap-main\\frontend\\src\\services\\location-state\\getLocationStateFromUrl.spec.ts:21:18\n    at file:///C:/Users/Nick/AppData/Local/npm-cache/_npx/69c381f8ad94b576/node_modules/@vitest/runner/dist/index.js:103:11\n    at file:///C:/Users/Nick/AppData/Local/npm-cache/_npx/69c381f8ad94b576/node_modules/@vitest/runner/dist/index.js:596:26\n    at file:///C:/Users/Nick/AppData/Local/npm-cache/_npx/69c381f8ad94b576/node_modules/@vitest/runner/dist/index.js:879:20\n    at new Promise (<anonymous>)\n    at runWithTimeout (file:///C:/Users/Nick/AppData/Local/npm-cache/_npx/69c381f8ad94b576/node_modules/@vitest/runner/dist/index.js:852:10)\n    at runTest (file:///C:/Users/Nick/AppData/Local/npm-cache/_npx/69c381f8ad94b576/node_modules/@vitest/runner/dist/index.js:1360:12)\n    at processTicksAndRejections (node:internal/process/task_queues:105:5)\n    at runSuite (file:///C:/Users/Nick/AppData/Local/npm-cache/_npx/69c381f8ad94b576/node_modules/@vitest/runner/dist/index.js:1507:8)"],"meta":{}},{"ancestorTitles":["default","current"],"fullName":"default current invalid world","status":"failed","title":"invalid world","duration":0.6482999999999493,"failureMessages":["ReferenceError: window is not defined\n    at getLocationStateFromUrl (C:\\Users\\Nick\\Dropbox\\PC (2)\\Documents\\GitHub\\FitFileViewer\\electron-app\\libs\\zwiftmap-main\\frontend\\src\\services\\location-state\\getLocationStateFromUrl.ts:317:5)\n    at C:\\Users\\Nick\\Dropbox\\PC (2)\\Documents\\GitHub\\FitFileViewer\\electron-app\\libs\\zwiftmap-main\\frontend\\src\\services\\location-state\\getLocationStateFromUrl.spec.ts:31:17\n    at file:///C:/Users/Nick/AppData/Local/npm-cache/_npx/69c381f8ad94b576/node_modules/@vitest/runner/dist/index.js:103:11\n    at file:///C:/Users/Nick/AppData/Local/npm-cache/_npx/69c381f8ad94b576/node_modules/@vitest/runner/dist/index.js:596:26\n    at file:///C:/Users/Nick/AppData/Local/npm-cache/_npx/69c381f8ad94b576/node_modules/@vitest/runner/dist/index.js:879:20\n    at new Promise (<anonymous>)\n    at runWithTimeout (file:///C:/Users/Nick/AppData/Local/npm-cache/_npx/69c381f8ad94b576/node_modules/@vitest/runner/dist/index.js:852:10)\n    at runTest (file:///C:/Users/Nick/AppData/Local/npm-cache/_npx/69c381f8ad94b576/node_modules/@vitest/runner/dist/index.js:1360:12)\n    at processTicksAndRejections (node:internal/process/task_queues:105:5)\n    at runSuite (file:///C:/Users/Nick/AppData/Local/npm-cache/_npx/69c381f8ad94b576/node_modules/@vitest/runner/dist/index.js:1507:8)"],"meta":{}},{"ancestorTitles":["default","legacy"],"fullName":"default legacy valid world","status":"failed","title":"valid world","duration":0.34699999999998,"failureMessages":["ReferenceError: window is not defined\n    at getLocationStateFromUrl (C:\\Users\\Nick\\Dropbox\\PC (2)\\Documents\\GitHub\\FitFileViewer\\electron-app\\libs\\zwiftmap-main\\frontend\\src\\services\\location-state\\getLocationStateFromUrl.ts:317:5)\n    at C:\\Users\\Nick\\Dropbox\\PC (2)\\Documents\\GitHub\\FitFileViewer\\electron-app\\libs\\zwiftmap-main\\frontend\\src\\services\\location-state\\getLocationStateFromUrl.spec.ts:39:17\n    at file:///C:/Users/Nick/AppData/Local/npm-cache/_npx/69c381f8ad94b576/node_modules/@vitest/runner/dist/index.js:103:11\n    at file:///C:/Users/Nick/AppData/Local/npm-cache/_npx/69c381f8ad94b576/node_modules/@vitest/runner/dist/index.js:596:26\n    at file:///C:/Users/Nick/AppData/Local/npm-cache/_npx/69c381f8ad94b576/node_modules/@vitest/runner/dist/index.js:879:20\n    at new Promise (<anonymous>)\n    at runWithTimeout (file:///C:/Users/Nick/AppData/Local/npm-cache/_npx/69c381f8ad94b576/node_modules/@vitest/runner/dist/index.js:852:10)\n    at runTest (file:///C:/Users/Nick/AppData/Local/npm-cache/_npx/69c381f8ad94b576/node_modules/@vitest/runner/dist/index.js:1360:12)\n    at processTicksAndRejections (node:internal/process/task_queues:105:5)\n    at runSuite (file:///C:/Users/Nick/AppData/Local/npm-cache/_npx/69c381f8ad94b576/node_modules/@vitest/runner/dist/index.js:1507:8)"],"meta":{}},{"ancestorTitles":["default","legacy"],"fullName":"default legacy invalid world","status":"failed","title":"invalid world","duration":0.37599999999997635,"failureMessages":["ReferenceError: window is not defined\n    at getLocationStateFromUrl (C:\\Users\\Nick\\Dropbox\\PC (2)\\Documents\\GitHub\\FitFileViewer\\electron-app\\libs\\zwiftmap-main\\frontend\\src\\services\\location-state\\getLocationStateFromUrl.ts:317:5)\n    at C:\\Users\\Nick\\Dropbox\\PC (2)\\Documents\\GitHub\\FitFileViewer\\electron-app\\libs\\zwiftmap-main\\frontend\\src\\services\\location-state\\getLocationStateFromUrl.spec.ts:45:17\n    at file:///C:/Users/Nick/AppData/Local/npm-cache/_npx/69c381f8ad94b576/node_modules/@vitest/runner/dist/index.js:103:11\n    at file:///C:/Users/Nick/AppData/Local/npm-cache/_npx/69c381f8ad94b576/node_modules/@vitest/runner/dist/index.js:596:26\n    at file:///C:/Users/Nick/AppData/Local/npm-cache/_npx/69c381f8ad94b576/node_modules/@vitest/runner/dist/index.js:879:20\n    at new Promise (<anonymous>)\n    at runWithTimeout (file:///C:/Users/Nick/AppData/Local/npm-cache/_npx/69c381f8ad94b576/node_modules/@vitest/runner/dist/index.js:852:10)\n    at runTest (file:///C:/Users/Nick/AppData/Local/npm-cache/_npx/69c381f8ad94b576/node_modules/@vitest/runner/dist/index.js:1360:12)\n    at processTicksAndRejections (node:internal/process/task_queues:105:5)\n    at runSuite (file:///C:/Users/Nick/AppData/Local/npm-cache/_npx/69c381f8ad94b576/node_modules/@vitest/runner/dist/index.js:1507:8)"],"meta":{}},{"ancestorTitles":["route","current"],"fullName":"route current correct world","status":"passed","title":"correct world","duration":0.6657000000000153,"failureMessages":[],"meta":{}},{"ancestorTitles":["route","current"],"fullName":"route current wrong world","status":"failed","title":"wrong world","duration":0.3330999999999449,"failureMessages":["ReferenceError: window is not defined\n    at getLocationStateFromUrl (C:\\Users\\Nick\\Dropbox\\PC (2)\\Documents\\GitHub\\FitFileViewer\\electron-app\\libs\\zwiftmap-main\\frontend\\src\\services\\location-state\\getLocationStateFromUrl.ts:317:5)\n    at C:\\Users\\Nick\\Dropbox\\PC (2)\\Documents\\GitHub\\FitFileViewer\\electron-app\\libs\\zwiftmap-main\\frontend\\src\\services\\location-state\\getLocationStateFromUrl.spec.ts:65:17\n    at file:///C:/Users/Nick/AppData/Local/npm-cache/_npx/69c381f8ad94b576/node_modules/@vitest/runner/dist/index.js:103:11\n    at file:///C:/Users/Nick/AppData/Local/npm-cache/_npx/69c381f8ad94b576/node_modules/@vitest/runner/dist/index.js:596:26\n    at file:///C:/Users/Nick/AppData/Local/npm-cache/_npx/69c381f8ad94b576/node_modules/@vitest/runner/dist/index.js:879:20\n    at new Promise (<anonymous>)\n    at runWithTimeout (file:///C:/Users/Nick/AppData/Local/npm-cache/_npx/69c381f8ad94b576/node_modules/@vitest/runner/dist/index.js:852:10)\n    at runTest (file:///C:/Users/Nick/AppData/Local/npm-cache/_npx/69c381f8ad94b576/node_modules/@vitest/runner/dist/index.js:1360:12)\n    at processTicksAndRejections (node:internal/process/task_queues:105:5)\n    at runSuite (file:///C:/Users/Nick/AppData/Local/npm-cache/_npx/69c381f8ad94b576/node_modules/@vitest/runner/dist/index.js:1507:8)"],"meta":{}},{"ancestorTitles":["route","current"],"fullName":"route current invalid world","status":"failed","title":"invalid world","duration":0.20010000000002037,"failureMessages":["ReferenceError: window is not defined\n    at getLocationStateFromUrl (C:\\Users\\Nick\\Dropbox\\PC (2)\\Documents\\GitHub\\FitFileViewer\\electron-app\\libs\\zwiftmap-main\\frontend\\src\\services\\location-state\\getLocationStateFromUrl.ts:317:5)\n    at C:\\Users\\Nick\\Dropbox\\PC (2)\\Documents\\GitHub\\FitFileViewer\\electron-app\\libs\\zwiftmap-main\\frontend\\src\\services\\location-state\\getLocationStateFromUrl.spec.ts:75:17\n    at file:///C:/Users/Nick/AppData/Local/npm-cache/_npx/69c381f8ad94b576/node_modules/@vitest/runner/dist/index.js:103:11\n    at file:///C:/Users/Nick/AppData/Local/npm-cache/_npx/69c381f8ad94b576/node_modules/@vitest/runner/dist/index.js:596:26\n    at file:///C:/Users/Nick/AppData/Local/npm-cache/_npx/69c381f8ad94b576/node_modules/@vitest/runner/dist/index.js:879:20\n    at new Promise (<anonymous>)\n    at runWithTimeout (file:///C:/Users/Nick/AppData/Local/npm-cache/_npx/69c381f8ad94b576/node_modules/@vitest/runner/dist/index.js:852:10)\n    at runTest (file:///C:/Users/Nick/AppData/Local/npm-cache/_npx/69c381f8ad94b576/node_modules/@vitest/runner/dist/index.js:1360:12)\n    at processTicksAndRejections (node:internal/process/task_queues:105:5)\n    at runSuite (file:///C:/Users/Nick/AppData/Local/npm-cache/_npx/69c381f8ad94b576/node_modules/@vitest/runner/dist/index.js:1507:8)"],"meta":{}},{"ancestorTitles":["route","current"],"fullName":"route current invalid route","status":"failed","title":"invalid route","duration":0.2522000000000162,"failureMessages":["ReferenceError: window is not defined\n    at getLocationStateFromUrl (C:\\Users\\Nick\\Dropbox\\PC (2)\\Documents\\GitHub\\FitFileViewer\\electron-app\\libs\\zwiftmap-main\\frontend\\src\\services\\location-state\\getLocationStateFromUrl.ts:317:5)\n    at C:\\Users\\Nick\\Dropbox\\PC (2)\\Documents\\GitHub\\FitFileViewer\\electron-app\\libs\\zwiftmap-main\\frontend\\src\\services\\location-state\\getLocationStateFromUrl.spec.ts:85:17\n    at file:///C:/Users/Nick/AppData/Local/npm-cache/_npx/69c381f8ad94b576/node_modules/@vitest/runner/dist/index.js:103:11\n    at file:///C:/Users/Nick/AppData/Local/npm-cache/_npx/69c381f8ad94b576/node_modules/@vitest/runner/dist/index.js:596:26\n    at file:///C:/Users/Nick/AppData/Local/npm-cache/_npx/69c381f8ad94b576/node_modules/@vitest/runner/dist/index.js:879:20\n    at new Promise (<anonymous>)\n    at runWithTimeout (file:///C:/Users/Nick/AppData/Local/npm-cache/_npx/69c381f8ad94b576/node_modules/@vitest/runner/dist/index.js:852:10)\n    at runTest (file:///C:/Users/Nick/AppData/Local/npm-cache/_npx/69c381f8ad94b576/node_modules/@vitest/runner/dist/index.js:1360:12)\n    at processTicksAndRejections (node:internal/process/task_queues:105:5)\n    at runSuite (file:///C:/Users/Nick/AppData/Local/npm-cache/_npx/69c381f8ad94b576/node_modules/@vitest/runner/dist/index.js:1507:8)"],"meta":{}},{"ancestorTitles":["route","current"],"fullName":"route current invalid route & world","status":"failed","title":"invalid route & world","duration":0.33150000000000546,"failureMessages":["ReferenceError: window is not defined\n    at getLocationStateFromUrl (C:\\Users\\Nick\\Dropbox\\PC (2)\\Documents\\GitHub\\FitFileViewer\\electron-app\\libs\\zwiftmap-main\\frontend\\src\\services\\location-state\\getLocationStateFromUrl.ts:317:5)\n    at C:\\Users\\Nick\\Dropbox\\PC (2)\\Documents\\GitHub\\FitFileViewer\\electron-app\\libs\\zwiftmap-main\\frontend\\src\\services\\location-state\\getLocationStateFromUrl.spec.ts:94:17\n    at file:///C:/Users/Nick/AppData/Local/npm-cache/_npx/69c381f8ad94b576/node_modules/@vitest/runner/dist/index.js:103:11\n    at file:///C:/Users/Nick/AppData/Local/npm-cache/_npx/69c381f8ad94b576/node_modules/@vitest/runner/dist/index.js:596:26\n    at file:///C:/Users/Nick/AppData/Local/npm-cache/_npx/69c381f8ad94b576/node_modules/@vitest/runner/dist/index.js:879:20\n    at new Promise (<anonymous>)\n    at runWithTimeout (file:///C:/Users/Nick/AppData/Local/npm-cache/_npx/69c381f8ad94b576/node_modules/@vitest/runner/dist/index.js:852:10)\n    at runTest (file:///C:/Users/Nick/AppData/Local/npm-cache/_npx/69c381f8ad94b576/node_modules/@vitest/runner/dist/index.js:1360:12)\n    at processTicksAndRejections (node:internal/process/task_queues:105:5)\n    at runSuite (file:///C:/Users/Nick/AppData/Local/npm-cache/_npx/69c381f8ad94b576/node_modules/@vitest/runner/dist/index.js:1507:8)"],"meta":{}},{"ancestorTitles":["route","legacy"],"fullName":"route legacy correct world","status":"failed","title":"correct world","duration":0.3039999999999736,"failureMessages":["ReferenceError: window is not defined\n    at getLocationStateFromUrl (C:\\Users\\Nick\\Dropbox\\PC (2)\\Documents\\GitHub\\FitFileViewer\\electron-app\\libs\\zwiftmap-main\\frontend\\src\\services\\location-state\\getLocationStateFromUrl.ts:317:5)\n    at C:\\Users\\Nick\\Dropbox\\PC (2)\\Documents\\GitHub\\FitFileViewer\\electron-app\\libs\\zwiftmap-main\\frontend\\src\\services\\location-state\\getLocationStateFromUrl.spec.ts:102:18\n    at file:///C:/Users/Nick/AppData/Local/npm-cache/_npx/69c381f8ad94b576/node_modules/@vitest/runner/dist/index.js:103:11\n    at file:///C:/Users/Nick/AppData/Local/npm-cache/_npx/69c381f8ad94b576/node_modules/@vitest/runner/dist/index.js:596:26\n    at file:///C:/Users/Nick/AppData/Local/npm-cache/_npx/69c381f8ad94b576/node_modules/@vitest/runner/dist/index.js:879:20\n    at new Promise (<anonymous>)\n    at runWithTimeout (file:///C:/Users/Nick/AppData/Local/npm-cache/_npx/69c381f8ad94b576/node_modules/@vitest/runner/dist/index.js:852:10)\n    at runTest (file:///C:/Users/Nick/AppData/Local/npm-cache/_npx/69c381f8ad94b576/node_modules/@vitest/runner/dist/index.js:1360:12)\n    at processTicksAndRejections (node:internal/process/task_queues:105:5)\n    at runSuite (file:///C:/Users/Nick/AppData/Local/npm-cache/_npx/69c381f8ad94b576/node_modules/@vitest/runner/dist/index.js:1507:8)"],"meta":{}},{"ancestorTitles":["route","legacy"],"fullName":"route legacy wrong world","status":"failed","title":"wrong world","duration":0.18770000000006348,"failureMessages":["ReferenceError: window is not defined\n    at getLocationStateFromUrl (C:\\Users\\Nick\\Dropbox\\PC (2)\\Documents\\GitHub\\FitFileViewer\\electron-app\\libs\\zwiftmap-main\\frontend\\src\\services\\location-state\\getLocationStateFromUrl.ts:317:5)\n    at C:\\Users\\Nick\\Dropbox\\PC (2)\\Documents\\GitHub\\FitFileViewer\\electron-app\\libs\\zwiftmap-main\\frontend\\src\\services\\location-state\\getLocationStateFromUrl.spec.ts:120:17\n    at file:///C:/Users/Nick/AppData/Local/npm-cache/_npx/69c381f8ad94b576/node_modules/@vitest/runner/dist/index.js:103:11\n    at file:///C:/Users/Nick/AppData/Local/npm-cache/_npx/69c381f8ad94b576/node_modules/@vitest/runner/dist/index.js:596:26\n    at file:///C:/Users/Nick/AppData/Local/npm-cache/_npx/69c381f8ad94b576/node_modules/@vitest/runner/dist/index.js:879:20\n    at new Promise (<anonymous>)\n    at runWithTimeout (file:///C:/Users/Nick/AppData/Local/npm-cache/_npx/69c381f8ad94b576/node_modules/@vitest/runner/dist/index.js:852:10)\n    at runTest (file:///C:/Users/Nick/AppData/Local/npm-cache/_npx/69c381f8ad94b576/node_modules/@vitest/runner/dist/index.js:1360:12)\n    at processTicksAndRejections (node:internal/process/task_queues:105:5)\n    at runSuite (file:///C:/Users/Nick/AppData/Local/npm-cache/_npx/69c381f8ad94b576/node_modules/@vitest/runner/dist/index.js:1507:8)"],"meta":{}},{"ancestorTitles":["route","legacy"],"fullName":"route legacy invalid world","status":"failed","title":"invalid world","duration":0.20869999999990796,"failureMessages":["ReferenceError: window is not defined\n    at getLocationStateFromUrl (C:\\Users\\Nick\\Dropbox\\PC (2)\\Documents\\GitHub\\FitFileViewer\\electron-app\\libs\\zwiftmap-main\\frontend\\src\\services\\location-state\\getLocationStateFromUrl.ts:317:5)\n    at C:\\Users\\Nick\\Dropbox\\PC (2)\\Documents\\GitHub\\FitFileViewer\\electron-app\\libs\\zwiftmap-main\\frontend\\src\\services\\location-state\\getLocationStateFromUrl.spec.ts:130:17\n    at file:///C:/Users/Nick/AppData/Local/npm-cache/_npx/69c381f8ad94b576/node_modules/@vitest/runner/dist/index.js:103:11\n    at file:///C:/Users/Nick/AppData/Local/npm-cache/_npx/69c381f8ad94b576/node_modules/@vitest/runner/dist/index.js:596:26\n    at file:///C:/Users/Nick/AppData/Local/npm-cache/_npx/69c381f8ad94b576/node_modules/@vitest/runner/dist/index.js:879:20\n    at new Promise (<anonymous>)\n    at runWithTimeout (file:///C:/Users/Nick/AppData/Local/npm-cache/_npx/69c381f8ad94b576/node_modules/@vitest/runner/dist/index.js:852:10)\n    at runTest (file:///C:/Users/Nick/AppData/Local/npm-cache/_npx/69c381f8ad94b576/node_modules/@vitest/runner/dist/index.js:1360:12)\n    at processTicksAndRejections (node:internal/process/task_queues:105:5)\n    at runSuite (file:///C:/Users/Nick/AppData/Local/npm-cache/_npx/69c381f8ad94b576/node_modules/@vitest/runner/dist/index.js:1507:8)"],"meta":{}},{"ancestorTitles":["route","legacy"],"fullName":"route legacy invalid route","status":"failed","title":"invalid route","duration":0.23950000000002092,"failureMessages":["ReferenceError: window is not defined\n    at getLocationStateFromUrl (C:\\Users\\Nick\\Dropbox\\PC (2)\\Documents\\GitHub\\FitFileViewer\\electron-app\\libs\\zwiftmap-main\\frontend\\src\\services\\location-state\\getLocationStateFromUrl.ts:317:5)\n    at C:\\Users\\Nick\\Dropbox\\PC (2)\\Documents\\GitHub\\FitFileViewer\\electron-app\\libs\\zwiftmap-main\\frontend\\src\\services\\location-state\\getLocationStateFromUrl.spec.ts:140:17\n    at file:///C:/Users/Nick/AppData/Local/npm-cache/_npx/69c381f8ad94b576/node_modules/@vitest/runner/dist/index.js:103:11\n    at file:///C:/Users/Nick/AppData/Local/npm-cache/_npx/69c381f8ad94b576/node_modules/@vitest/runner/dist/index.js:596:26\n    at file:///C:/Users/Nick/AppData/Local/npm-cache/_npx/69c381f8ad94b576/node_modules/@vitest/runner/dist/index.js:879:20\n    at new Promise (<anonymous>)\n    at runWithTimeout (file:///C:/Users/Nick/AppData/Local/npm-cache/_npx/69c381f8ad94b576/node_modules/@vitest/runner/dist/index.js:852:10)\n    at runTest (file:///C:/Users/Nick/AppData/Local/npm-cache/_npx/69c381f8ad94b576/node_modules/@vitest/runner/dist/index.js:1360:12)\n    at processTicksAndRejections (node:internal/process/task_queues:105:5)\n    at runSuite (file:///C:/Users/Nick/AppData/Local/npm-cache/_npx/69c381f8ad94b576/node_modules/@vitest/runner/dist/index.js:1507:8)"],"meta":{}},{"ancestorTitles":["route","legacy"],"fullName":"route legacy invalid route & world","status":"failed","title":"invalid route & world","duration":0.244199999999978,"failureMessages":["ReferenceError: window is not defined\n    at getLocationStateFromUrl (C:\\Users\\Nick\\Dropbox\\PC (2)\\Documents\\GitHub\\FitFileViewer\\electron-app\\libs\\zwiftmap-main\\frontend\\src\\services\\location-state\\getLocationStateFromUrl.ts:317:5)\n    at C:\\Users\\Nick\\Dropbox\\PC (2)\\Documents\\GitHub\\FitFileViewer\\electron-app\\libs\\zwiftmap-main\\frontend\\src\\services\\location-state\\getLocationStateFromUrl.spec.ts:146:17\n    at file:///C:/Users/Nick/AppData/Local/npm-cache/_npx/69c381f8ad94b576/node_modules/@vitest/runner/dist/index.js:103:11\n    at file:///C:/Users/Nick/AppData/Local/npm-cache/_npx/69c381f8ad94b576/node_modules/@vitest/runner/dist/index.js:596:26\n    at file:///C:/Users/Nick/AppData/Local/npm-cache/_npx/69c381f8ad94b576/node_modules/@vitest/runner/dist/index.js:879:20\n    at new Promise (<anonymous>)\n    at runWithTimeout (file:///C:/Users/Nick/AppData/Local/npm-cache/_npx/69c381f8ad94b576/node_modules/@vitest/runner/dist/index.js:852:10)\n    at runTest (file:///C:/Users/Nick/AppData/Local/npm-cache/_npx/69c381f8ad94b576/node_modules/@vitest/runner/dist/index.js:1360:12)\n    at processTicksAndRejections (node:internal/process/task_queues:105:5)\n    at runSuite (file:///C:/Users/Nick/AppData/Local/npm-cache/_npx/69c381f8ad94b576/node_modules/@vitest/runner/dist/index.js:1507:8)"],"meta":{}},{"ancestorTitles":["event"],"fullName":"event current","status":"passed","title":"current","duration":0.19619999999997617,"failureMessages":[],"meta":{}},{"ancestorTitles":["event"],"fullName":"event legacy","status":"failed","title":"legacy","duration":0.22659999999996217,"failureMessages":["ReferenceError: window is not defined\n    at getLocationStateFromUrl (C:\\Users\\Nick\\Dropbox\\PC (2)\\Documents\\GitHub\\FitFileViewer\\electron-app\\libs\\zwiftmap-main\\frontend\\src\\services\\location-state\\getLocationStateFromUrl.ts:317:5)\n    at C:\\Users\\Nick\\Dropbox\\PC (2)\\Documents\\GitHub\\FitFileViewer\\electron-app\\libs\\zwiftmap-main\\frontend\\src\\services\\location-state\\getLocationStateFromUrl.spec.ts:168:16\n    at file:///C:/Users/Nick/AppData/Local/npm-cache/_npx/69c381f8ad94b576/node_modules/@vitest/runner/dist/index.js:103:11\n    at file:///C:/Users/Nick/AppData/Local/npm-cache/_npx/69c381f8ad94b576/node_modules/@vitest/runner/dist/index.js:596:26\n    at file:///C:/Users/Nick/AppData/Local/npm-cache/_npx/69c381f8ad94b576/node_modules/@vitest/runner/dist/index.js:879:20\n    at new Promise (<anonymous>)\n    at runWithTimeout (file:///C:/Users/Nick/AppData/Local/npm-cache/_npx/69c381f8ad94b576/node_modules/@vitest/runner/dist/index.js:852:10)\n    at runTest (file:///C:/Users/Nick/AppData/Local/npm-cache/_npx/69c381f8ad94b576/node_modules/@vitest/runner/dist/index.js:1360:12)\n    at processTicksAndRejections (node:internal/process/task_queues:105:5)\n    at runSuite (file:///C:/Users/Nick/AppData/Local/npm-cache/_npx/69c381f8ad94b576/node_modules/@vitest/runner/dist/index.js:1507:8)"],"meta":{}},{"ancestorTitles":["events"],"fullName":"events current","status":"failed","title":"current","duration":0.20489999999995234,"failureMessages":["ReferenceError: window is not defined\n    at getLocationStateFromUrl (C:\\Users\\Nick\\Dropbox\\PC (2)\\Documents\\GitHub\\FitFileViewer\\electron-app\\libs\\zwiftmap-main\\frontend\\src\\services\\location-state\\getLocationStateFromUrl.ts:317:5)\n    at C:\\Users\\Nick\\Dropbox\\PC (2)\\Documents\\GitHub\\FitFileViewer\\electron-app\\libs\\zwiftmap-main\\frontend\\src\\services\\location-state\\getLocationStateFromUrl.spec.ts:188:16\n    at file:///C:/Users/Nick/AppData/Local/npm-cache/_npx/69c381f8ad94b576/node_modules/@vitest/runner/dist/index.js:103:11\n    at file:///C:/Users/Nick/AppData/Local/npm-cache/_npx/69c381f8ad94b576/node_modules/@vitest/runner/dist/index.js:596:26\n    at file:///C:/Users/Nick/AppData/Local/npm-cache/_npx/69c381f8ad94b576/node_modules/@vitest/runner/dist/index.js:879:20\n    at new Promise (<anonymous>)\n    at runWithTimeout (file:///C:/Users/Nick/AppData/Local/npm-cache/_npx/69c381f8ad94b576/node_modules/@vitest/runner/dist/index.js:852:10)\n    at runTest (file:///C:/Users/Nick/AppData/Local/npm-cache/_npx/69c381f8ad94b576/node_modules/@vitest/runner/dist/index.js:1360:12)\n    at processTicksAndRejections (node:internal/process/task_queues:105:5)\n    at runSuite (file:///C:/Users/Nick/AppData/Local/npm-cache/_npx/69c381f8ad94b576/node_modules/@vitest/runner/dist/index.js:1507:8)"],"meta":{}},{"ancestorTitles":["events","legacy"],"fullName":"events legacy valid world","status":"failed","title":"valid world","duration":0.21079999999994925,"failureMessages":["ReferenceError: window is not defined\n    at getLocationStateFromUrl (C:\\Users\\Nick\\Dropbox\\PC (2)\\Documents\\GitHub\\FitFileViewer\\electron-app\\libs\\zwiftmap-main\\frontend\\src\\services\\location-state\\getLocationStateFromUrl.ts:317:5)\n    at C:\\Users\\Nick\\Dropbox\\PC (2)\\Documents\\GitHub\\FitFileViewer\\electron-app\\libs\\zwiftmap-main\\frontend\\src\\services\\location-state\\getLocationStateFromUrl.spec.ts:205:18\n    at file:///C:/Users/Nick/AppData/Local/npm-cache/_npx/69c381f8ad94b576/node_modules/@vitest/runner/dist/index.js:103:11\n    at file:///C:/Users/Nick/AppData/Local/npm-cache/_npx/69c381f8ad94b576/node_modules/@vitest/runner/dist/index.js:596:26\n    at file:///C:/Users/Nick/AppData/Local/npm-cache/_npx/69c381f8ad94b576/node_modules/@vitest/runner/dist/index.js:879:20\n    at new Promise (<anonymous>)\n    at runWithTimeout (file:///C:/Users/Nick/AppData/Local/npm-cache/_npx/69c381f8ad94b576/node_modules/@vitest/runner/dist/index.js:852:10)\n    at runTest (file:///C:/Users/Nick/AppData/Local/npm-cache/_npx/69c381f8ad94b576/node_modules/@vitest/runner/dist/index.js:1360:12)\n    at processTicksAndRejections (node:internal/process/task_queues:105:5)\n    at runSuite (file:///C:/Users/Nick/AppData/Local/npm-cache/_npx/69c381f8ad94b576/node_modules/@vitest/runner/dist/index.js:1507:8)"],"meta":{}},{"ancestorTitles":["events","legacy"],"fullName":"events legacy invalid world","status":"failed","title":"invalid world","duration":0.15639999999996235,"failureMessages":["ReferenceError: window is not defined\n    at getLocationStateFromUrl (C:\\Users\\Nick\\Dropbox\\PC (2)\\Documents\\GitHub\\FitFileViewer\\electron-app\\libs\\zwiftmap-main\\frontend\\src\\services\\location-state\\getLocationStateFromUrl.ts:317:5)\n    at C:\\Users\\Nick\\Dropbox\\PC (2)\\Documents\\GitHub\\FitFileViewer\\electron-app\\libs\\zwiftmap-main\\frontend\\src\\services\\location-state\\getLocationStateFromUrl.spec.ts:221:17\n    at file:///C:/Users/Nick/AppData/Local/npm-cache/_npx/69c381f8ad94b576/node_modules/@vitest/runner/dist/index.js:103:11\n    at file:///C:/Users/Nick/AppData/Local/npm-cache/_npx/69c381f8ad94b576/node_modules/@vitest/runner/dist/index.js:596:26\n    at file:///C:/Users/Nick/AppData/Local/npm-cache/_npx/69c381f8ad94b576/node_modules/@vitest/runner/dist/index.js:879:20\n    at new Promise (<anonymous>)\n    at runWithTimeout (file:///C:/Users/Nick/AppData/Local/npm-cache/_npx/69c381f8ad94b576/node_modules/@vitest/runner/dist/index.js:852:10)\n    at runTest (file:///C:/Users/Nick/AppData/Local/npm-cache/_npx/69c381f8ad94b576/node_modules/@vitest/runner/dist/index.js:1360:12)\n    at processTicksAndRejections (node:internal/process/task_queues:105:5)\n    at runSuite (file:///C:/Users/Nick/AppData/Local/npm-cache/_npx/69c381f8ad94b576/node_modules/@vitest/runner/dist/index.js:1507:8)"],"meta":{}},{"ancestorTitles":["strava-activity"],"fullName":"strava-activity current","status":"passed","title":"current","duration":0.14179999999998927,"failureMessages":[],"meta":{}},{"ancestorTitles":["strava-activity"],"fullName":"strava-activity legacy","status":"failed","title":"legacy","duration":0.20049999999991996,"failureMessages":["ReferenceError: window is not defined\n    at getLocationStateFromUrl (C:\\Users\\Nick\\Dropbox\\PC (2)\\Documents\\GitHub\\FitFileViewer\\electron-app\\libs\\zwiftmap-main\\frontend\\src\\services\\location-state\\getLocationStateFromUrl.ts:317:5)\n    at C:\\Users\\Nick\\Dropbox\\PC (2)\\Documents\\GitHub\\FitFileViewer\\electron-app\\libs\\zwiftmap-main\\frontend\\src\\services\\location-state\\getLocationStateFromUrl.spec.ts:243:16\n    at file:///C:/Users/Nick/AppData/Local/npm-cache/_npx/69c381f8ad94b576/node_modules/@vitest/runner/dist/index.js:103:11\n    at file:///C:/Users/Nick/AppData/Local/npm-cache/_npx/69c381f8ad94b576/node_modules/@vitest/runner/dist/index.js:596:26\n    at file:///C:/Users/Nick/AppData/Local/npm-cache/_npx/69c381f8ad94b576/node_modules/@vitest/runner/dist/index.js:879:20\n    at new Promise (<anonymous>)\n    at runWithTimeout (file:///C:/Users/Nick/AppData/Local/npm-cache/_npx/69c381f8ad94b576/node_modules/@vitest/runner/dist/index.js:852:10)\n    at runTest (file:///C:/Users/Nick/AppData/Local/npm-cache/_npx/69c381f8ad94b576/node_modules/@vitest/runner/dist/index.js:1360:12)\n    at processTicksAndRejections (node:internal/process/task_queues:105:5)\n    at runSuite (file:///C:/Users/Nick/AppData/Local/npm-cache/_npx/69c381f8ad94b576/node_modules/@vitest/runner/dist/index.js:1507:8)"],"meta":{}},{"ancestorTitles":["strava-activities","current"],"fullName":"strava-activities current valid world","status":"failed","title":"valid world","duration":0.16030000000000655,"failureMessages":["ReferenceError: window is not defined\n    at getLocationStateFromUrl (C:\\Users\\Nick\\Dropbox\\PC (2)\\Documents\\GitHub\\FitFileViewer\\electron-app\\libs\\zwiftmap-main\\frontend\\src\\services\\location-state\\getLocationStateFromUrl.ts:317:5)\n    at C:\\Users\\Nick\\Dropbox\\PC (2)\\Documents\\GitHub\\FitFileViewer\\electron-app\\libs\\zwiftmap-main\\frontend\\src\\services\\location-state\\getLocationStateFromUrl.spec.ts:264:18\n    at file:///C:/Users/Nick/AppData/Local/npm-cache/_npx/69c381f8ad94b576/node_modules/@vitest/runner/dist/index.js:103:11\n    at file:///C:/Users/Nick/AppData/Local/npm-cache/_npx/69c381f8ad94b576/node_modules/@vitest/runner/dist/index.js:596:26\n    at file:///C:/Users/Nick/AppData/Local/npm-cache/_npx/69c381f8ad94b576/node_modules/@vitest/runner/dist/index.js:879:20\n    at new Promise (<anonymous>)\n    at runWithTimeout (file:///C:/Users/Nick/AppData/Local/npm-cache/_npx/69c381f8ad94b576/node_modules/@vitest/runner/dist/index.js:852:10)\n    at runTest (file:///C:/Users/Nick/AppData/Local/npm-cache/_npx/69c381f8ad94b576/node_modules/@vitest/runner/dist/index.js:1360:12)\n    at processTicksAndRejections (node:internal/process/task_queues:105:5)\n    at runSuite (file:///C:/Users/Nick/AppData/Local/npm-cache/_npx/69c381f8ad94b576/node_modules/@vitest/runner/dist/index.js:1507:8)"],"meta":{}},{"ancestorTitles":["strava-activities","current"],"fullName":"strava-activities current invalid world","status":"failed","title":"invalid world","duration":0.147199999999998,"failureMessages":["ReferenceError: window is not defined\n    at getLocationStateFromUrl (C:\\Users\\Nick\\Dropbox\\PC (2)\\Documents\\GitHub\\FitFileViewer\\electron-app\\libs\\zwiftmap-main\\frontend\\src\\services\\location-state\\getLocationStateFromUrl.ts:317:5)\n    at C:\\Users\\Nick\\Dropbox\\PC (2)\\Documents\\GitHub\\FitFileViewer\\electron-app\\libs\\zwiftmap-main\\frontend\\src\\services\\location-state\\getLocationStateFromUrl.spec.ts:280:17\n    at file:///C:/Users/Nick/AppData/Local/npm-cache/_npx/69c381f8ad94b576/node_modules/@vitest/runner/dist/index.js:103:11\n    at file:///C:/Users/Nick/AppData/Local/npm-cache/_npx/69c381f8ad94b576/node_modules/@vitest/runner/dist/index.js:596:26\n    at file:///C:/Users/Nick/AppData/Local/npm-cache/_npx/69c381f8ad94b576/node_modules/@vitest/runner/dist/index.js:879:20\n    at new Promise (<anonymous>)\n    at runWithTimeout (file:///C:/Users/Nick/AppData/Local/npm-cache/_npx/69c381f8ad94b576/node_modules/@vitest/runner/dist/index.js:852:10)\n    at runTest (file:///C:/Users/Nick/AppData/Local/npm-cache/_npx/69c381f8ad94b576/node_modules/@vitest/runner/dist/index.js:1360:12)\n    at processTicksAndRejections (node:internal/process/task_queues:105:5)\n    at runSuite (file:///C:/Users/Nick/AppData/Local/npm-cache/_npx/69c381f8ad94b576/node_modules/@vitest/runner/dist/index.js:1507:8)"],"meta":{}},{"ancestorTitles":["strava-activities","legacy"],"fullName":"strava-activities legacy valid world","status":"failed","title":"valid world","duration":0.14340000000004238,"failureMessages":["ReferenceError: window is not defined\n    at getLocationStateFromUrl (C:\\Users\\Nick\\Dropbox\\PC (2)\\Documents\\GitHub\\FitFileViewer\\electron-app\\libs\\zwiftmap-main\\frontend\\src\\services\\location-state\\getLocationStateFromUrl.ts:317:5)\n    at C:\\Users\\Nick\\Dropbox\\PC (2)\\Documents\\GitHub\\FitFileViewer\\electron-app\\libs\\zwiftmap-main\\frontend\\src\\services\\location-state\\getLocationStateFromUrl.spec.ts:291:18\n    at file:///C:/Users/Nick/AppData/Local/npm-cache/_npx/69c381f8ad94b576/node_modules/@vitest/runner/dist/index.js:103:11\n    at file:///C:/Users/Nick/AppData/Local/npm-cache/_npx/69c381f8ad94b576/node_modules/@vitest/runner/dist/index.js:596:26\n    at file:///C:/Users/Nick/AppData/Local/npm-cache/_npx/69c381f8ad94b576/node_modules/@vitest/runner/dist/index.js:879:20\n    at new Promise (<anonymous>)\n    at runWithTimeout (file:///C:/Users/Nick/AppData/Local/npm-cache/_npx/69c381f8ad94b576/node_modules/@vitest/runner/dist/index.js:852:10)\n    at runTest (file:///C:/Users/Nick/AppData/Local/npm-cache/_npx/69c381f8ad94b576/node_modules/@vitest/runner/dist/index.js:1360:12)\n    at processTicksAndRejections (node:internal/process/task_queues:105:5)\n    at runSuite (file:///C:/Users/Nick/AppData/Local/npm-cache/_npx/69c381f8ad94b576/node_modules/@vitest/runner/dist/index.js:1507:8)"],"meta":{}},{"ancestorTitles":["strava-activities","legacy"],"fullName":"strava-activities legacy invalid world","status":"failed","title":"invalid world","duration":0.9043000000000347,"failureMessages":["ReferenceError: window is not defined\n    at getLocationStateFromUrl (C:\\Users\\Nick\\Dropbox\\PC (2)\\Documents\\GitHub\\FitFileViewer\\electron-app\\libs\\zwiftmap-main\\frontend\\src\\services\\location-state\\getLocationStateFromUrl.ts:317:5)\n    at C:\\Users\\Nick\\Dropbox\\PC (2)\\Documents\\GitHub\\FitFileViewer\\electron-app\\libs\\zwiftmap-main\\frontend\\src\\services\\location-state\\getLocationStateFromUrl.spec.ts:307:17\n    at file:///C:/Users/Nick/AppData/Local/npm-cache/_npx/69c381f8ad94b576/node_modules/@vitest/runner/dist/index.js:103:11\n    at file:///C:/Users/Nick/AppData/Local/npm-cache/_npx/69c381f8ad94b576/node_modules/@vitest/runner/dist/index.js:596:26\n    at file:///C:/Users/Nick/AppData/Local/npm-cache/_npx/69c381f8ad94b576/node_modules/@vitest/runner/dist/index.js:879:20\n    at new Promise (<anonymous>)\n    at runWithTimeout (file:///C:/Users/Nick/AppData/Local/npm-cache/_npx/69c381f8ad94b576/node_modules/@vitest/runner/dist/index.js:852:10)\n    at runTest (file:///C:/Users/Nick/AppData/Local/npm-cache/_npx/69c381f8ad94b576/node_modules/@vitest/runner/dist/index.js:1360:12)\n    at processTicksAndRejections (node:internal/process/task_queues:105:5)\n    at runSuite (file:///C:/Users/Nick/AppData/Local/npm-cache/_npx/69c381f8ad94b576/node_modules/@vitest/runner/dist/index.js:1507:8)"],"meta":{}},{"ancestorTitles":[],"fullName":"strava-activity","status":"passed","title":"strava-activity","duration":0.24739999999997053,"failureMessages":[],"meta":{}}],"startTime":1746647753541,"endTime":1746647753553.2473,"status":"failed","message":"","name":"C:/Users/Nick/Dropbox/PC (2)/Documents/GitHub/FitFileViewer/electron-app/libs/zwiftmap-main/frontend/src/services/location-state/getLocationStateFromUrl.spec.ts"},{"assertionResults":[{"ancestorTitles":[],"fullName":"Bologna has no jumps in altitudes","status":"passed","title":"Bologna has no jumps in altitudes","duration":13.273299999999836,"failureMessages":[],"meta":{}},{"ancestorTitles":[],"fullName":"Crit City has no jumps in altitudes","status":"passed","title":"Crit City has no jumps in altitudes","duration":2.0108999999999924,"failureMessages":[],"meta":{}},{"ancestorTitles":[],"fullName":"France has no jumps in altitudes","status":"passed","title":"France has no jumps in altitudes","duration":63.376199999999926,"failureMessages":[],"meta":{}},{"ancestorTitles":[],"fullName":"Innsbruck has no jumps in altitudes","status":"passed","title":"Innsbruck has no jumps in altitudes","duration":20.328899999999976,"failureMessages":[],"meta":{}},{"ancestorTitles":[],"fullName":"London has no jumps in altitudes","status":"passed","title":"London has no jumps in altitudes","duration":37.52190000000019,"failureMessages":[],"meta":{}},{"ancestorTitles":[],"fullName":"Makuri Islands has no jumps in altitudes","status":"passed","title":"Makuri Islands has no jumps in altitudes","duration":72.76200000000017,"failureMessages":[],"meta":{}},{"ancestorTitles":[],"fullName":"New York has no jumps in altitudes","status":"passed","title":"New York has no jumps in altitudes","duration":24.339300000000094,"failureMessages":[],"meta":{}},{"ancestorTitles":[],"fullName":"Paris has no jumps in altitudes","status":"passed","title":"Paris has no jumps in altitudes","duration":6.11160000000018,"failureMessages":[],"meta":{}},{"ancestorTitles":[],"fullName":"Richmond has no jumps in altitudes","status":"passed","title":"Richmond has no jumps in altitudes","duration":15.723300000000108,"failureMessages":[],"meta":{}},{"ancestorTitles":[],"fullName":"Watopia has no jumps in altitudes","status":"passed","title":"Watopia has no jumps in altitudes","duration":151.3483000000001,"failureMessages":[],"meta":{}},{"ancestorTitles":[],"fullName":"Yorkshire has no jumps in altitudes","status":"passed","title":"Yorkshire has no jumps in altitudes","duration":12.51780000000008,"failureMessages":[],"meta":{}}],"startTime":1746647754732,"endTime":1746647755152.5178,"status":"passed","message":"","name":"C:/Users/Nick/Dropbox/PC (2)/Documents/GitHub/FitFileViewer/electron-app/libs/zwiftmap-main/backend/src/shared/browser/roads/roads/index.spec.ts"},{"assertionResults":[{"ancestorTitles":["splitEdge"],"fullName":"splitEdge start","status":"passed","title":"start","duration":2.1269999999999527,"failureMessages":[],"meta":{}},{"ancestorTitles":["splitEdge"],"fullName":"splitEdge end","status":"passed","title":"end","duration":0.5265000000000555,"failureMessages":[],"meta":{}},{"ancestorTitles":["splitEdge"],"fullName":"splitEdge middle left","status":"passed","title":"middle left","duration":1.1505000000000791,"failureMessages":[],"meta":{}},{"ancestorTitles":["splitEdge"],"fullName":"splitEdge middle right","status":"passed","title":"middle right","duration":0.5336999999999534,"failureMessages":[],"meta":{}}],"startTime":1746647753627,"endTime":1746647753631.5337,"status":"passed","message":"","name":"C:/Users/Nick/Dropbox/PC (2)/Documents/GitHub/FitFileViewer/electron-app/libs/zwiftmap-main/backend/src/shared/browser/roads/roads/Roads.spec.ts"}]}